<?xml version="1.0" encoding="UTF-8"?>
<testng-results ignored="0" total="1" passed="1" failed="0" skipped="0">
  <reporter-output>
  </reporter-output>
  <suite started-at="2020-02-26T09:59:05 IST" name="crm.Suite" finished-at="2020-02-26T09:59:48 IST" duration-ms="42923">
    <groups>
    </groups>
    <test started-at="2020-02-26T09:59:05 IST" name="crm.Test" finished-at="2020-02-26T09:59:48 IST" duration-ms="42923">
      <class name="pageObjectModel.LoginTest">
        <test-method is-config="true" signature="setUp()[pri:0, instance:pageObjectModel.LoginTest@14d3bc22]" started-at="2020-02-26T09:59:05 IST" name="setUp" finished-at="2020-02-26T09:59:37 IST" duration-ms="31482" status="PASS">
          <reporter-output>
          </reporter-output>
        </test-method> <!-- setUp -->
        <test-method signature="login()[pri:0, instance:pageObjectModel.LoginTest@14d3bc22]" started-at="2020-02-26T09:59:37 IST" name="login" finished-at="2020-02-26T09:59:48 IST" duration-ms="11060" status="PASS">
          <reporter-output>
          </reporter-output>
        </test-method> <!-- login -->
      </class> <!-- pageObjectModel.LoginTest -->
    </test> <!-- crm.Test -->
  </suite> <!-- crm.Suite -->
</testng-results>
